2024-12-13 19:22:54.284 [info] Getting Manifest... ms-python.debugpy
2024-12-13 19:22:54.286 [info] Getting Manifest... ms-python.python
2024-12-13 19:22:56.588 [info] Installing extension: ms-python.debugpy {"productVersion":{"version":"1.95.1","date":"2024-11-01T17:20:55.708Z"},"pinned":false,"operation":3,"isApplicationScoped":false,"profileLocation":{"$mid":1,"external":"vscode-userdata:/home/retro/.vscode-oss/extensions/extensions.json","path":"/home/retro/.vscode-oss/extensions/extensions.json","scheme":"vscode-userdata"},"installOnlyNewlyAddedFromExtensionPack":true}
2024-12-13 19:22:56.846 [info] Installing extension: ms-python.python {"productVersion":{"version":"1.95.1","date":"2024-11-01T17:20:55.708Z"},"pinned":false,"operation":3,"isApplicationScoped":false,"profileLocation":{"$mid":1,"external":"vscode-userdata:/home/retro/.vscode-oss/extensions/extensions.json","path":"/home/retro/.vscode-oss/extensions/extensions.json","scheme":"vscode-userdata"},"installOnlyNewlyAddedFromExtensionPack":true}
2024-12-13 19:22:56.911 [info] Getting Manifest... ms-python.python
2024-12-13 19:22:59.208 [error] Could not load vsce-sign module Cannot find package '@vscode/vsce-sign' imported from /usr/lib/code/out/vs/code/electron-utility/sharedProcess/sharedProcessMain.js
2024-12-13 19:22:59.208 [info] Extension signature verification is not done: ms-python.debugpy
2024-12-13 19:22:59.519 [info] Extracted extension to file:///home/retro/.vscode-oss/extensions/ms-python.debugpy-2024.14.0-linux-x64: ms-python.debugpy
2024-12-13 19:22:59.526 [info] Renamed to /home/retro/.vscode-oss/extensions/ms-python.debugpy-2024.14.0-linux-x64
2024-12-13 19:22:59.535 [info] Marked extension as uninstalled ms-python.debugpy-2024.12.0-linux-x64
2024-12-13 19:22:59.538 [info] Extension installed successfully: ms-python.debugpy vscode-userdata:/home/retro/.vscode-oss/extensions/extensions.json
2024-12-13 19:22:59.616 [error] [uncaught exception in sharedProcess]: Error: ENOENT: no such file or directory, stat '/home/retro/.vscode-oss/extensions/extensions.json.vsctmp': EntryNotFound (FileSystemError): Error: ENOENT: no such file or directory, stat '/home/retro/.vscode-oss/extensions/extensions.json.vsctmp'
    at hm.create (file:///usr/lib/code/out/vs/code/electron-utility/sharedProcess/sharedProcessMain.js:35:39254)
    at Es (file:///usr/lib/code/out/vs/code/electron-utility/sharedProcess/sharedProcessMain.js:35:39361)
    at Fr.ib (file:///usr/lib/code/out/vs/code/electron-utility/sharedProcess/sharedProcessMain.js:71:22677)
    at Fr.stat (file:///usr/lib/code/out/vs/code/electron-utility/sharedProcess/sharedProcessMain.js:71:16010)
    at async Zl.stat (file:///usr/lib/code/out/vs/code/electron-utility/sharedProcess/sharedProcessMain.js:70:84491)
    at async Jl.yb (file:///usr/lib/code/out/vs/code/electron-utility/sharedProcess/sharedProcessMain.js:70:66605)
2024-12-13 19:23:05.776 [error] Could not load vsce-sign module Cannot find package '@vscode/vsce-sign' imported from /usr/lib/code/out/vs/code/electron-utility/sharedProcess/sharedProcessMain.js
2024-12-13 19:23:05.777 [info] Extension signature verification is not done: ms-python.python
2024-12-13 19:23:06.436 [info] Extracted extension to file:///home/retro/.vscode-oss/extensions/ms-python.python-2024.22.0-universal: ms-python.python
2024-12-13 19:23:06.444 [info] Renamed to /home/retro/.vscode-oss/extensions/ms-python.python-2024.22.0-universal
2024-12-13 19:23:06.457 [info] Marked extension as uninstalled ms-python.python-2024.20.0-universal
2024-12-13 19:23:06.459 [info] Extension installed successfully: ms-python.python vscode-userdata:/home/retro/.vscode-oss/extensions/extensions.json
2024-12-13 19:23:06.531 [error] [uncaught exception in sharedProcess]: Error: ENOENT: no such file or directory, stat '/home/retro/.vscode-oss/extensions/extensions.json.vsctmp': EntryNotFound (FileSystemError): Error: ENOENT: no such file or directory, stat '/home/retro/.vscode-oss/extensions/extensions.json.vsctmp'
    at hm.create (file:///usr/lib/code/out/vs/code/electron-utility/sharedProcess/sharedProcessMain.js:35:39254)
    at Es (file:///usr/lib/code/out/vs/code/electron-utility/sharedProcess/sharedProcessMain.js:35:39361)
    at Fr.ib (file:///usr/lib/code/out/vs/code/electron-utility/sharedProcess/sharedProcessMain.js:71:22677)
    at Fr.stat (file:///usr/lib/code/out/vs/code/electron-utility/sharedProcess/sharedProcessMain.js:71:16010)
    at async Zl.stat (file:///usr/lib/code/out/vs/code/electron-utility/sharedProcess/sharedProcessMain.js:70:84491)
    at async Jl.yb (file:///usr/lib/code/out/vs/code/electron-utility/sharedProcess/sharedProcessMain.js:70:66605)
