2024-12-13 19:36:21.543 [info] update#setState idle
2024-12-13 19:36:51.509 [info] update#setState checking for updates
2024-12-13 19:36:51.604 [info] update#setState idle
2024-12-13 20:36:51.513 [info] update#setState checking for updates
2024-12-13 20:36:52.231 [info] update#setState idle
2024-12-14 08:07:17.647 [info] update#setState checking for updates
2024-12-14 08:07:18.053 [info] update#setState idle
2024-12-14 09:07:18.706 [info] update#setState checking for updates
2024-12-14 09:07:19.075 [info] update#setState idle
2024-12-14 10:07:18.710 [info] update#setState checking for updates
2024-12-14 10:07:19.492 [info] update#setState idle
2024-12-14 11:07:18.713 [info] update#setState checking for updates
2024-12-14 11:07:19.261 [info] update#setState idle
2024-12-14 12:07:18.715 [info] update#setState checking for updates
2024-12-14 12:07:22.720 [info] update#setState idle
2024-12-14 13:07:18.716 [info] update#setState checking for updates
2024-12-14 13:07:19.389 [info] update#setState idle
2024-12-14 14:07:18.719 [info] update#setState checking for updates
2024-12-14 14:07:19.221 [info] update#setState idle
2024-12-14 15:07:18.721 [info] update#setState checking for updates
2024-12-14 15:07:19.416 [info] update#setState idle
2024-12-14 16:07:18.724 [info] update#setState checking for updates
2024-12-14 16:07:19.155 [info] update#setState idle
2024-12-14 17:07:18.729 [info] update#setState checking for updates
2024-12-14 17:07:19.139 [info] update#setState idle
2024-12-14 18:07:18.734 [info] update#setState checking for updates
2024-12-14 18:07:19.129 [info] update#setState idle
2024-12-14 19:07:18.737 [info] update#setState checking for updates
2024-12-14 19:07:19.189 [info] update#setState idle
2024-12-14 20:07:18.740 [info] update#setState checking for updates
2024-12-14 20:07:19.536 [info] update#setState idle
2024-12-14 21:07:18.745 [info] update#setState checking for updates
2024-12-14 21:07:19.158 [info] update#setState idle
2024-12-15 08:42:01.686 [info] update#setState checking for updates
2024-12-15 08:42:02.505 [info] update#setState idle
2024-12-15 14:30:00.167 [info] update#setState checking for updates
2024-12-15 14:30:00.631 [info] update#setState idle
2024-12-16 08:51:06.802 [info] update#setState checking for updates
2024-12-16 08:51:07.168 [info] update#setState idle
2024-12-17 21:03:19.960 [info] update#setState checking for updates
2024-12-17 21:03:20.366 [info] update#setState idle
2024-12-17 22:03:19.963 [info] update#setState checking for updates
2024-12-17 22:03:20.406 [info] update#setState idle
2024-12-18 14:03:49.328 [info] update#setState checking for updates
2024-12-18 14:03:49.691 [info] update#setState idle
2024-12-18 15:03:49.331 [info] update#setState checking for updates
2024-12-18 15:03:49.754 [info] update#setState idle
2024-12-18 16:03:49.334 [info] update#setState checking for updates
2024-12-18 16:03:49.737 [info] update#setState idle
2024-12-18 17:03:49.338 [info] update#setState checking for updates
2024-12-18 17:03:49.737 [info] update#setState idle
2024-12-18 18:03:49.340 [info] update#setState checking for updates
2024-12-18 18:03:49.739 [info] update#setState idle
2024-12-19 12:20:10.385 [info] update#setState checking for updates
2024-12-19 12:20:11.355 [info] update#setState available for download
2024-12-19 13:14:54.339 [warning] No ptyHost heartbeat after 6 seconds
2024-12-19 17:15:28.727 [info] Extension host with pid 2552 exited with code: 0, signal: unknown.
2024-12-19 17:15:28.750 [error] Blocked vscode-file request vscode-file://vscode-app/opt/visual-studio-code/resources/app/out/vs/editor/common/services/editorSimpleWorkerMain.js#TextEditorWorker
