2024-12-20 18:51:35.955 [info] (Client) Pylance async client (2024.12.1) started with python extension (2024.22.0)
2024-12-20 18:51:36.476 [info] [Info  - 6:51:36 PM] (372388) Server root directory: file:///home/retro/.vscode/extensions/ms-python.vscode-pylance-2024.12.1/dist
2024-12-20 18:51:36.476 [info] [Info  - 6:51:36 PM] (372388) Pylance language server 2024.12.1 (pyright version 1.1.389, commit ce1325fc) starting
2024-12-20 18:51:36.495 [info] [Info  - 6:51:36 PM] (372388) Starting service instance "<default>"
2024-12-20 18:51:36.539 [info] [Info  - 6:51:36 PM] (372388) Setting environmentName for service "<default>": "3.12.7 (global)"
2024-12-20 18:51:36.539 [info] [Info  - 6:51:36 PM] (372388) Setting pythonPath for service "<default>": "/bin/python"
2024-12-20 18:51:36.540 [info] [Info  - 6:51:36 PM] (372388) No include entries specified; assuming /<default workspace root>
2024-12-20 18:51:36.540 [info] [Info  - 6:51:36 PM] (372388) Auto-excluding **/node_modules
2024-12-20 18:51:36.540 [info] [Info  - 6:51:36 PM] (372388) Auto-excluding **/__pycache__
2024-12-20 18:51:36.540 [info] [Info  - 6:51:36 PM] (372388) Auto-excluding **/.*
2024-12-20 18:51:36.573 [info] [Info  - 6:51:36 PM] (372388) Assuming Python version 3.12.7.final.0
2024-12-20 18:51:36.622 [info] [Error - 6:51:36 PM] (372388) File or directory "/<default workspace root>" does not exist.
2024-12-20 18:51:36.623 [info] [Info  - 6:51:36 PM] (372388) No source files found.
2024-12-20 18:51:36.651 [info] [Info  - 6:51:36 PM] (372388) Setting environmentName for service "<default>": "3.12.7 (global)"
2024-12-20 18:51:36.652 [info] [Info  - 6:51:36 PM] (372388) Setting pythonPath for service "<default>": "/bin/python"
2024-12-20 18:51:36.652 [info] [Info  - 6:51:36 PM] (372388) No include entries specified; assuming /<default workspace root>
2024-12-20 18:51:36.652 [info] [Info  - 6:51:36 PM] (372388) Auto-excluding **/node_modules
2024-12-20 18:51:36.652 [info] [Info  - 6:51:36 PM] (372388) Auto-excluding **/__pycache__
2024-12-20 18:51:36.652 [info] [Info  - 6:51:36 PM] (372388) Auto-excluding **/.*
2024-12-20 18:51:36.672 [info] [Info  - 6:51:36 PM] (372388) Assuming Python version 3.12.7.final.0
2024-12-20 18:51:36.708 [info] [Error - 6:51:36 PM] (372388) File or directory "/<default workspace root>" does not exist.
2024-12-20 18:51:36.708 [info] [Info  - 6:51:36 PM] (372388) No source files found.
2024-12-20 18:51:37.028 [info] [Info  - 6:51:37 PM] (372388) Background analysis(1) root directory: file:///home/retro/.vscode/extensions/ms-python.vscode-pylance-2024.12.1/dist
2024-12-20 18:51:37.029 [info] [Info  - 6:51:37 PM] (372388) Background analysis(1) started
