2024-12-20 18:50:13.449 [info] Extension host with pid 370307 started
2024-12-20 18:50:13.523 [info] ExtensionService#_doActivateExtension vscode.github-authentication, startup: false, activationEvent: 'onAuthenticationRequest:github'
2024-12-20 18:50:13.559 [info] ExtensionService#_doActivateExtension vscode.emmet, startup: false, activationEvent: 'onLanguage'
2024-12-20 18:50:13.576 [info] ExtensionService#_doActivateExtension ms-python.python, startup: false, activationEvent: 'onLanguage:python'
2024-12-20 18:50:13.915 [info] ExtensionService#_doActivateExtension ms-python.vscode-pylance, startup: false, activationEvent: 'onLanguage:python'
2024-12-20 18:50:14.372 [info] ExtensionService#_doActivateExtension vscode.git-base, startup: true, activationEvent: '*'
2024-12-20 18:50:14.381 [info] ExtensionService#_doActivateExtension vscode.github, startup: true, activationEvent: '*'
2024-12-20 18:50:14.417 [info] Eager extensions activated
2024-12-20 18:50:14.418 [info] ExtensionService#_doActivateExtension vscode.debug-auto-launch, startup: false, activationEvent: 'onStartupFinished'
2024-12-20 18:50:14.420 [info] ExtensionService#_doActivateExtension vscode.merge-conflict, startup: false, activationEvent: 'onStartupFinished'
2024-12-20 18:50:33.838 [error] Error: Channel has been closed
	at s (file:///opt/visual-studio-code/resources/app/out/vs/workbench/api/node/extensionHostProcess.js:121:2431)
	at Object.appendLine (file:///opt/visual-studio-code/resources/app/out/vs/workbench/api/node/extensionHostProcess.js:121:2570)
	at _0x3abb0e.<computed>.<computed> [as appendLine] (/home/retro/.vscode/extensions/ms-python.vscode-pylance-2024.12.1/dist/extension.bundle.js:1:236608)
	at T.logOutputMessage (/home/retro/.vscode/extensions/ms-python.python-2024.22.0-linux-x64/out/client/extension.js:2:2092948)
	at T.info (/home/retro/.vscode/extensions/ms-python.python-2024.22.0-linux-x64/out/client/extension.js:2:2092681)
	at ChildProcess.<anonymous> (/home/retro/.vscode/extensions/ms-python.python-2024.22.0-linux-x64/out/client/extension.js:2:2311024)
	at ChildProcess.emit (node:events:518:28)
	at ChildProcess._handle.onexit (node:internal/child_process:293:12)
2024-12-20 18:50:33.890 [info] ExtensionService#_doActivateExtension vscode.git, startup: false, activationEvent: 'api', root cause: vscode.github
2024-12-20 18:50:34.022 [info] ExtensionService#_doActivateExtension ms-python.debugpy, startup: false, activationEvent: 'onLanguage:python'
2024-12-20 18:50:34.790 [error] Error: Starting server failed
	at T.$start (/home/retro/.vscode/extensions/ms-python.python-2024.22.0-linux-x64/out/client/extension.js:2:2104820)
	at async T.sendNotification (/home/retro/.vscode/extensions/ms-python.python-2024.22.0-linux-x64/out/client/extension.js:2:2090069)
2024-12-20 18:50:59.759 [info] ExtensionService#_doActivateExtension vscode.npm, startup: false, activationEvent: 'onTerminalQuickFixRequest:ms-vscode.npm-command'
2024-12-20 18:51:10.787 [info] Extension host terminating: renderer closed the MessagePort
2024-12-20 18:51:10.803 [info] Extension host with pid 370307 exiting with code 0
