2024-12-20 18:50:12.694 [warning] Via 'product.json#extensionEnabledApiProposals' extension 'ms-vscode.vscode-selfhost-test-provider' wants API proposal 'attributableCoverage' but that proposal DOES NOT EXIST. Likely, the proposal has been finalized (check 'vscode.d.ts') or was abandoned.
2024-12-20 18:50:12.694 [warning] Via 'product.json#extensionEnabledApiProposals' extension 'ms-python.python' wants API proposal 'contribIssueReporter' but that proposal DOES NOT EXIST. Likely, the proposal has been finalized (check 'vscode.d.ts') or was abandoned.
2024-12-20 18:50:12.695 [warning] Via 'product.json#extensionEnabledApiProposals' extension 'ms-python.debugpy' wants API proposal 'contribIssueReporter' but that proposal DOES NOT EXIST. Likely, the proposal has been finalized (check 'vscode.d.ts') or was abandoned.
2024-12-20 18:50:12.980 [info] Started local extension host with pid 370307.
2024-12-20 18:50:13.793 [info] Settings Sync: Account status changed from uninitialized to unavailable
2024-12-20 18:50:15.652 [info] [perf] Render performance baseline is 25ms
2024-12-20 18:50:28.464 [error] [text file model] handleSaveError(3) - exit - resulted in a save error: Error: Unable to write file '/home/retro/Downloads/picoctf/decrypt.py' (NoPermissions (FileSystemError): Error: EACCES: permission denied, open '/home/retro/Downloads/picoctf/decrypt.py') file:///home/retro/Downloads/picoctf/decrypt.py
2024-12-20 18:50:33.936 [error] [text file model] handleSaveError(3) - exit - resulted in a save error: Error: No polkit authentication agent found. file:///home/retro/Downloads/picoctf/decrypt.py
2024-12-20 18:50:35.163 [error] [Extension Host] Notification handler 'window/logMessage' failed with message: Channel has been closed
2024-12-20 18:50:35.164 [error] [Extension Host] Notification handler 'window/logMessage' failed with message: Channel has been closed
2024-12-20 18:50:35.181 [error] [Extension Host] Notification handler 'window/logMessage' failed with message: Channel has been closed
2024-12-20 18:50:35.205 [error] [Extension Host] Notification handler 'window/logMessage' failed with message: Channel has been closed
2024-12-20 18:50:35.206 [error] [Extension Host] Notification handler 'window/logMessage' failed with message: Channel has been closed
2024-12-20 18:50:35.206 [error] [Extension Host] Notification handler 'window/logMessage' failed with message: Channel has been closed
2024-12-20 18:50:35.207 [error] [Extension Host] Notification handler 'window/logMessage' failed with message: Channel has been closed
2024-12-20 18:50:35.207 [error] [Extension Host] Notification handler 'window/logMessage' failed with message: Channel has been closed
2024-12-20 18:50:35.280 [error] [Extension Host] Notification handler 'window/logMessage' failed with message: Channel has been closed
2024-12-20 18:50:35.280 [error] [Extension Host] Notification handler 'window/logMessage' failed with message: Channel has been closed
2024-12-20 18:50:35.313 [error] [Extension Host] Notification handler 'window/logMessage' failed with message: Channel has been closed
2024-12-20 18:50:35.314 [error] [Extension Host] Notification handler 'window/logMessage' failed with message: Channel has been closed
2024-12-20 18:50:35.314 [error] [Extension Host] Notification handler 'window/logMessage' failed with message: Channel has been closed
2024-12-20 18:50:35.315 [error] [Extension Host] Notification handler 'window/logMessage' failed with message: Channel has been closed
2024-12-20 18:50:35.315 [error] [Extension Host] Notification handler 'window/logMessage' failed with message: Channel has been closed
2024-12-20 18:50:35.354 [error] [Extension Host] Notification handler 'window/logMessage' failed with message: Channel has been closed
2024-12-20 18:50:35.354 [error] [Extension Host] Notification handler 'window/logMessage' failed with message: Channel has been closed
2024-12-20 18:50:35.784 [error] [Extension Host] Notification handler 'window/logMessage' failed with message: Channel has been closed
2024-12-20 18:50:35.787 [error] [Extension Host] Notification handler 'window/logMessage' failed with message: Channel has been closed
2024-12-20 18:50:36.568 [error] [text file model] handleSaveError(3) - exit - resulted in a save error: Error: No polkit authentication agent found. file:///home/retro/Downloads/picoctf/decrypt.py
2024-12-20 18:50:43.055 [error] [text file model] handleSaveError(3) - exit - resulted in a save error: Error: Unable to write file '/home/retro/Downloads/picoctf/decrypt.py' (NoPermissions (FileSystemError): Error: EACCES: permission denied, open '/home/retro/Downloads/picoctf/decrypt.py') file:///home/retro/Downloads/picoctf/decrypt.py
2024-12-20 18:50:48.062 [error] [text file model] handleSaveError(3) - exit - resulted in a save error: Error: No polkit authentication agent found. file:///home/retro/Downloads/picoctf/decrypt.py
2024-12-20 18:50:58.490 [error] [text file model] handleSaveError(3) - exit - resulted in a save error: Error: Unable to write file '/home/retro/Downloads/picoctf/decrypt.py' (NoPermissions (FileSystemError): Error: EACCES: permission denied, open '/home/retro/Downloads/picoctf/decrypt.py') file:///home/retro/Downloads/picoctf/decrypt.py
